98.08.13 11:32 B c:\data\nsa\Byrd.JPG --> ftp.geocities.com /Area51/Zone/3989 Byrd.JPG
98.08.13 11:32 B c:\data\nsa\Byrd_Lobby.JPG --> ftp.geocities.com /Area51/Zone/3989 Byrd_Lobby.JPG
98.08.13 11:32 B c:\data\nsa\Byrd_Movie.JPG --> ftp.geocities.com /Area51/Zone/3989 Byrd_Movie.JPG
98.08.13 11:32 B c:\data\nsa\Byrd_Organist.JPG --> ftp.geocities.com /Area51/Zone/3989 Byrd_Organist.JPG
98.08.13 11:33 B c:\data\nsa\Byrd_Projectionist.JPG --> ftp.geocities.com /Area51/Zone/3989 Byrd_Projectionist.JPG
98.08.13 11:33 B c:\data\nsa\Byrd_StereoFilm.JPG --> ftp.geocities.com /Area51/Zone/3989 Byrd_StereoFilm.JPG
98.08.13 11:33 B c:\data\nsa\CardDisplay1.JPG --> ftp.geocities.com /Area51/Zone/3989 CardDisplay1.JPG
98.08.13 11:33 B c:\data\nsa\CardDisplay2.JPG --> ftp.geocities.com /Area51/Zone/3989 CardDisplay2.JPG
98.08.13 11:33 B c:\data\nsa\CardDisplay3.JPG --> ftp.geocities.com /Area51/Zone/3989 CardDisplay3.JPG
98.08.13 11:33 B c:\data\nsa\CardViewer.JPG --> ftp.geocities.com /Area51/Zone/3989 CardViewer.JPG
98.08.13 11:33 B c:\data\nsa\CardViewerInside.JPG --> ftp.geocities.com /Area51/Zone/3989 CardViewerInside.JPG
98.08.13 11:34 B c:\data\nsa\Costumes.JPG --> ftp.geocities.com /Area51/Zone/3989 Costumes.JPG
98.08.13 11:34 B c:\data\nsa\DrT.JPG --> ftp.geocities.com /Area51/Zone/3989 DrT.JPG
98.08.13 11:34 B c:\data\nsa\GoffGuys.JPG --> ftp.geocities.com /Area51/Zone/3989 GoffGuys.JPG
98.08.13 11:34 B c:\data\nsa\index.htm --> ftp.geocities.com /Area51/Zone/3989 index.htm
98.08.13 11:34 B c:\data\nsa\index.txt --> ftp.geocities.com /Area51/Zone/3989 index.txt
98.08.13 11:34 B c:\data\nsa\JonGolden1.JPG --> ftp.geocities.com /Area51/Zone/3989 JonGolden1.JPG
98.08.13 11:34 B c:\data\nsa\JonGolden2.JPG --> ftp.geocities.com /Area51/Zone/3989 JonGolden2.JPG
98.08.13 11:34 B c:\data\nsa\MagnifierViewer.JPG --> ftp.geocities.com /Area51/Zone/3989 MagnifierViewer.JPG
98.08.13 11:34 B c:\data\nsa\MariottLobby.JPG --> ftp.geocities.com /Area51/Zone/3989 MariottLobby.JPG
98.08.13 11:35 B c:\data\nsa\MaryAnnSell.JPG --> ftp.geocities.com /Area51/Zone/3989 MaryAnnSell.JPG
98.08.13 11:35 B c:\data\nsa\Maymont1.JPG --> ftp.geocities.com /Area51/Zone/3989 Maymont1.JPG
98.08.13 11:35 B c:\data\nsa\Maymont2.JPG --> ftp.geocities.com /Area51/Zone/3989 Maymont2.JPG
98.08.13 11:35 B c:\data\nsa\Maymont3.JPG --> ftp.geocities.com /Area51/Zone/3989 Maymont3.JPG
98.08.13 11:35 B c:\data\nsa\Misc_3D.JPG --> ftp.geocities.com /Area51/Zone/3989 Misc_3D.JPG
98.08.13 11:35 B c:\data\nsa\OldPhotoDisplay.JPG --> ftp.geocities.com /Area51/Zone/3989 OldPhotoDisplay.JPG
98.08.13 11:36 B c:\data\nsa\OldViewers.JPG --> ftp.geocities.com /Area51/Zone/3989 OldViewers.JPG
98.08.13 11:36 B c:\data\nsa\Projectors.JPG --> ftp.geocities.com /Area51/Zone/3989 Projectors.JPG
98.08.13 11:36 B c:\data\nsa\RealistProjector.JPG --> ftp.geocities.com /Area51/Zone/3989 RealistProjector.JPG
98.08.13 11:36 B c:\data\nsa\Smithsonian.JPG --> ftp.geocities.com /Area51/Zone/3989 Smithsonian.JPG
98.08.13 11:36 B c:\data\nsa\StereoCameras.JPG --> ftp.geocities.com /Area51/Zone/3989 StereoCameras.JPG
98.08.13 11:37 B c:\data\nsa\StereoSlideViewers.JPG --> ftp.geocities.com /Area51/Zone/3989 StereoSlideViewers.JPG
98.08.13 11:37 B c:\data\nsa\StereoTheater1.JPG --> ftp.geocities.com /Area51/Zone/3989 StereoTheater1.JPG
98.08.13 11:37 B c:\data\nsa\StereoTheater2.JPG --> ftp.geocities.com /Area51/Zone/3989 StereoTheater2.JPG
98.08.13 11:37 B c:\data\nsa\StereoTheater3.JPG --> ftp.geocities.com /Area51/Zone/3989 StereoTheater3.JPG
98.08.13 11:37 B c:\data\nsa\StereoViewers.JPG --> ftp.geocities.com /Area51/Zone/3989 StereoViewers.JPG
98.08.13 11:37 B c:\data\nsa\TigerWoods.JPG --> ftp.geocities.com /Area51/Zone/3989 TigerWoods.JPG
98.08.13 11:38 B c:\data\nsa\TruView.JPG --> ftp.geocities.com /Area51/Zone/3989 TruView.JPG
98.08.13 11:38 B c:\data\nsa\ViewMasterDisplay.JPG --> ftp.geocities.com /Area51/Zone/3989 ViewMasterDisplay.JPG
98.08.13 11:38 B c:\data\nsa\ViewMasterViewers.JPG --> ftp.geocities.com /Area51/Zone/3989 ViewMasterViewers.JPG
98.08.13 12:05 B c:\data\nsa\index.htm --> ftp.geocities.com /Area51/Zone/3989 index.htm
98.08.13 12:06 B c:\data\nsa\index.htm --> ftp.geocities.com /Area51/Zone/3989 index.htm
98.08.13 12:11 B c:\data\nsa\index.htm --> ftp.geocities.com /Area51/Zone/3989 index.htm
98.08.13 12:25 B c:\data\nsa\index.htm --> ftp.geocities.com /Area51/Zone/3989 index.htm
98.08.13 12:34 B c:\data\nsa\index.htm --> ftp.geocities.com /Area51/Zone/3989 index.htm
