98.08.13 11:46 B c:\data\nsa\inline\Byrd_Lobby.jpg --> ftp.geocities.com /Area51/Zone/3989/inline Byrd_Lobby.jpg
98.08.13 11:46 B c:\data\nsa\inline\Byrd_Movie.jpg --> ftp.geocities.com /Area51/Zone/3989/inline Byrd_Movie.jpg
98.08.13 11:46 B c:\data\nsa\inline\Byrd_Organist.jpg --> ftp.geocities.com /Area51/Zone/3989/inline Byrd_Organist.jpg
98.08.13 11:47 B c:\data\nsa\inline\Byrd_Projectionist.jpg --> ftp.geocities.com /Area51/Zone/3989/inline Byrd_Projectionist.jpg
98.08.13 11:47 B c:\data\nsa\inline\Byrd_StereoFilm.jpg --> ftp.geocities.com /Area51/Zone/3989/inline Byrd_StereoFilm.jpg
98.08.13 11:47 B c:\data\nsa\inline\CardDisplay1.jpg --> ftp.geocities.com /Area51/Zone/3989/inline CardDisplay1.jpg
98.08.13 11:47 B c:\data\nsa\inline\CardDisplay2.jpg --> ftp.geocities.com /Area51/Zone/3989/inline CardDisplay2.jpg
98.08.13 11:47 B c:\data\nsa\inline\CardDisplay3.jpg --> ftp.geocities.com /Area51/Zone/3989/inline CardDisplay3.jpg
98.08.13 11:47 B c:\data\nsa\inline\CardViewer.jpg --> ftp.geocities.com /Area51/Zone/3989/inline CardViewer.jpg
98.08.13 11:47 B c:\data\nsa\inline\CardViewerInside.jpg --> ftp.geocities.com /Area51/Zone/3989/inline CardViewerInside.jpg
98.08.13 11:47 B c:\data\nsa\inline\Costumes.jpg --> ftp.geocities.com /Area51/Zone/3989/inline Costumes.jpg
98.08.13 11:47 B c:\data\nsa\inline\DrT.jpg --> ftp.geocities.com /Area51/Zone/3989/inline DrT.jpg
98.08.13 11:47 B c:\data\nsa\inline\GoffGuys.jpg --> ftp.geocities.com /Area51/Zone/3989/inline GoffGuys.jpg
98.08.13 11:47 B c:\data\nsa\inline\igbkgrnd.jpg --> ftp.geocities.com /Area51/Zone/3989/inline igbkgrnd.jpg
98.08.13 11:47 B c:\data\nsa\inline\JonGolden1.jpg --> ftp.geocities.com /Area51/Zone/3989/inline JonGolden1.jpg
98.08.13 11:47 B c:\data\nsa\inline\JonGolden2.jpg --> ftp.geocities.com /Area51/Zone/3989/inline JonGolden2.jpg
98.08.13 11:47 B c:\data\nsa\inline\MagnifierViewer.jpg --> ftp.geocities.com /Area51/Zone/3989/inline MagnifierViewer.jpg
98.08.13 11:47 B c:\data\nsa\inline\MariottLobby.jpg --> ftp.geocities.com /Area51/Zone/3989/inline MariottLobby.jpg
98.08.13 11:47 B c:\data\nsa\inline\MaryAnnSell.jpg --> ftp.geocities.com /Area51/Zone/3989/inline MaryAnnSell.jpg
98.08.13 11:48 B c:\data\nsa\inline\Maymont1.jpg --> ftp.geocities.com /Area51/Zone/3989/inline Maymont1.jpg
98.08.13 11:48 B c:\data\nsa\inline\Maymont2.jpg --> ftp.geocities.com /Area51/Zone/3989/inline Maymont2.jpg
98.08.13 11:48 B c:\data\nsa\inline\Maymont3.jpg --> ftp.geocities.com /Area51/Zone/3989/inline Maymont3.jpg
98.08.13 11:48 B c:\data\nsa\inline\Misc_3D.jpg --> ftp.geocities.com /Area51/Zone/3989/inline Misc_3D.jpg
98.08.13 11:48 B c:\data\nsa\inline\OldPhotoDisplay.jpg --> ftp.geocities.com /Area51/Zone/3989/inline OldPhotoDisplay.jpg
98.08.13 11:48 B c:\data\nsa\inline\OldViewers.jpg --> ftp.geocities.com /Area51/Zone/3989/inline OldViewers.jpg
98.08.13 11:48 B c:\data\nsa\inline\Projectors.jpg --> ftp.geocities.com /Area51/Zone/3989/inline Projectors.jpg
98.08.13 11:48 B c:\data\nsa\inline\RealistProjector.jpg --> ftp.geocities.com /Area51/Zone/3989/inline RealistProjector.jpg
98.08.13 11:48 B c:\data\nsa\inline\Smithsonian.jpg --> ftp.geocities.com /Area51/Zone/3989/inline Smithsonian.jpg
98.08.13 11:48 B c:\data\nsa\inline\StereoCameras.jpg --> ftp.geocities.com /Area51/Zone/3989/inline StereoCameras.jpg
98.08.13 11:48 B c:\data\nsa\inline\StereoSlideViewers.jpg --> ftp.geocities.com /Area51/Zone/3989/inline StereoSlideViewers.jpg
98.08.13 11:48 B c:\data\nsa\inline\StereoTheater1.jpg --> ftp.geocities.com /Area51/Zone/3989/inline StereoTheater1.jpg
98.08.13 11:48 B c:\data\nsa\inline\StereoTheater2.jpg --> ftp.geocities.com /Area51/Zone/3989/inline StereoTheater2.jpg
98.08.13 11:48 B c:\data\nsa\inline\StereoTheater3.jpg --> ftp.geocities.com /Area51/Zone/3989/inline StereoTheater3.jpg
98.08.13 11:48 B c:\data\nsa\inline\StereoViewers.jpg --> ftp.geocities.com /Area51/Zone/3989/inline StereoViewers.jpg
98.08.13 11:49 B c:\data\nsa\inline\TigerWoods.jpg --> ftp.geocities.com /Area51/Zone/3989/inline TigerWoods.jpg
98.08.13 11:49 B c:\data\nsa\inline\TruView.jpg --> ftp.geocities.com /Area51/Zone/3989/inline TruView.jpg
98.08.13 11:49 B c:\data\nsa\inline\ViewMasterDisplay.jpg --> ftp.geocities.com /Area51/Zone/3989/inline ViewMasterDisplay.jpg
98.08.13 11:49 B c:\data\nsa\inline\ViewMasterViewers.jpg --> ftp.geocities.com /Area51/Zone/3989/inline ViewMasterViewers.jpg
98.08.13 12:07 B c:\data\nsa\inline\Byrd.jpg --> ftp.geocities.com /Area51/Zone/3989/inline Byrd.jpg
